Wed Feb 19 07:55:10 PM KST 2025: Deploy script started
Wed Feb 19 07:55:26 PM KST 2025: Stopping process: 97419
Wed Feb 19 07:55:31 PM KST 2025: Started new process with PID: 120244
Wed Feb 19 07:55:39 PM KST 2025: Server successfully deployed!
Wed Feb 19 07:57:28 PM KST 2025: Deploy script started
Wed Feb 19 07:57:35 PM KST 2025: Stopping process: 120244
Wed Feb 19 07:57:40 PM KST 2025: Started new process with PID: 120670
Wed Feb 19 07:57:48 PM KST 2025: Server successfully deployed!
Thu Feb 20 07:01:00 PM KST 2025: Deploy script started
Thu Feb 20 07:01:15 PM KST 2025: Stopping process: 120670
Thu Feb 20 07:01:20 PM KST 2025: Started new process with PID: 132724
Thu Feb 20 07:01:28 PM KST 2025: Server successfully deployed!
Thu Feb 20 07:02:28 PM KST 2025: Deploy script started
Thu Feb 20 07:02:35 PM KST 2025: Stopping process: 132724
Thu Feb 20 07:02:40 PM KST 2025: Started new process with PID: 132982
Thu Feb 20 07:02:48 PM KST 2025: Server successfully deployed!
Thu Feb 20 09:00:14 PM KST 2025: Deploy script started
Thu Feb 20 09:00:22 PM KST 2025: Stopping process: 132982
Thu Feb 20 09:00:27 PM KST 2025: Started new process with PID: 134111
Thu Feb 20 09:00:35 PM KST 2025: Server successfully deployed!
Thu Feb 20 09:01:32 PM KST 2025: Deploy script started
Thu Feb 20 09:01:41 PM KST 2025: Stopping process: 134111
Thu Feb 20 09:01:46 PM KST 2025: Started new process with PID: 134358
Thu Feb 20 09:02:16 PM KST 2025: Server failed to start within 30 seconds
Caused by: java.lang.IllegalStateException: JWT_SECRET 환경 변수가 설정되지 않았습니다.
	at core.backend.jwt.JwtUtil.<init>(JwtUtil.java:28) ~[!/:0.0.1-SNAPSHOT]
	at java.base/jdk.internal.reflect.NativeConstructorAccessorImpl.newInstance0(Native Method) ~[na:na]
	at java.base/jdk.internal.reflect.NativeConstructorAccessorImpl.newInstance(NativeConstructorAccessorImpl.java:77) ~[na:na]
	at java.base/jdk.internal.reflect.DelegatingConstructorAccessorImpl.newInstance(DelegatingConstructorAccessorImpl.java:45) ~[na:na]
	at java.base/java.lang.reflect.Constructor.newInstanceWithCaller(Constructor.java:500) ~[na:na]
	at java.base/java.lang.reflect.Constructor.newInstance(Constructor.java:481) ~[na:na]
	at org.springframework.beans.BeanUtils.instantiateClass(BeanUtils.java:196) ~[spring-beans-6.2.2.jar!/:6.2.2]
	... 74 common frames omitted

Thu Feb 20 09:08:13 PM KST 2025: Deploy script started
Thu Feb 20 09:08:20 PM KST 2025: Started new process with PID: 134717
Thu Feb 20 09:08:50 PM KST 2025: Server failed to start within 30 seconds
Caused by: java.lang.IllegalStateException: JWT_SECRET 환경 변수가 설정되지 않았습니다.
	at core.backend.jwt.JwtUtil.<init>(JwtUtil.java:28) ~[!/:0.0.1-SNAPSHOT]
	at java.base/jdk.internal.reflect.NativeConstructorAccessorImpl.newInstance0(Native Method) ~[na:na]
	at java.base/jdk.internal.reflect.NativeConstructorAccessorImpl.newInstance(NativeConstructorAccessorImpl.java:77) ~[na:na]
	at java.base/jdk.internal.reflect.DelegatingConstructorAccessorImpl.newInstance(DelegatingConstructorAccessorImpl.java:45) ~[na:na]
	at java.base/java.lang.reflect.Constructor.newInstanceWithCaller(Constructor.java:500) ~[na:na]
	at java.base/java.lang.reflect.Constructor.newInstance(Constructor.java:481) ~[na:na]
	at org.springframework.beans.BeanUtils.instantiateClass(BeanUtils.java:196) ~[spring-beans-6.2.2.jar!/:6.2.2]
	... 74 common frames omitted

Thu Feb 20 09:10:44 PM KST 2025: Deploy script started
Thu Feb 20 09:10:50 PM KST 2025: Started new process with PID: 135049
Thu Feb 20 09:11:20 PM KST 2025: Server failed to start within 30 seconds
Caused by: java.lang.IllegalStateException: JWT_SECRET 환경 변수가 설정되지 않았습니다.
	at core.backend.jwt.JwtUtil.<init>(JwtUtil.java:28) ~[!/:0.0.1-SNAPSHOT]
	at java.base/jdk.internal.reflect.NativeConstructorAccessorImpl.newInstance0(Native Method) ~[na:na]
	at java.base/jdk.internal.reflect.NativeConstructorAccessorImpl.newInstance(NativeConstructorAccessorImpl.java:77) ~[na:na]
	at java.base/jdk.internal.reflect.DelegatingConstructorAccessorImpl.newInstance(DelegatingConstructorAccessorImpl.java:45) ~[na:na]
	at java.base/java.lang.reflect.Constructor.newInstanceWithCaller(Constructor.java:500) ~[na:na]
	at java.base/java.lang.reflect.Constructor.newInstance(Constructor.java:481) ~[na:na]
	at org.springframework.beans.BeanUtils.instantiateClass(BeanUtils.java:196) ~[spring-beans-6.2.2.jar!/:6.2.2]
	... 74 common frames omitted

Thu Feb 20 09:11:29 PM KST 2025: Deploy script started
Thu Feb 20 09:11:35 PM KST 2025: Started new process with PID: 135272
Thu Feb 20 09:12:05 PM KST 2025: Server failed to start within 30 seconds
Caused by: java.lang.IllegalStateException: JWT_SECRET 환경 변수가 설정되지 않았습니다.
	at core.backend.jwt.JwtUtil.<init>(JwtUtil.java:28) ~[!/:0.0.1-SNAPSHOT]
	at java.base/jdk.internal.reflect.NativeConstructorAccessorImpl.newInstance0(Native Method) ~[na:na]
	at java.base/jdk.internal.reflect.NativeConstructorAccessorImpl.newInstance(NativeConstructorAccessorImpl.java:77) ~[na:na]
	at java.base/jdk.internal.reflect.DelegatingConstructorAccessorImpl.newInstance(DelegatingConstructorAccessorImpl.java:45) ~[na:na]
	at java.base/java.lang.reflect.Constructor.newInstanceWithCaller(Constructor.java:500) ~[na:na]
	at java.base/java.lang.reflect.Constructor.newInstance(Constructor.java:481) ~[na:na]
	at org.springframework.beans.BeanUtils.instantiateClass(BeanUtils.java:196) ~[spring-beans-6.2.2.jar!/:6.2.2]
	... 74 common frames omitted

Thu Feb 20 09:27:39 PM KST 2025: Deploy script started
Thu Feb 20 09:27:45 PM KST 2025: Started new process with PID: 137575
Thu Feb 20 09:28:15 PM KST 2025: Server failed to start within 30 seconds
Caused by: java.lang.IllegalStateException: JWT_SECRET 환경 변수가 설정되지 않았습니다.
	at core.backend.jwt.JwtUtil.<init>(JwtUtil.java:28) ~[!/:0.0.1-SNAPSHOT]
	at java.base/jdk.internal.reflect.NativeConstructorAccessorImpl.newInstance0(Native Method) ~[na:na]
	at java.base/jdk.internal.reflect.NativeConstructorAccessorImpl.newInstance(NativeConstructorAccessorImpl.java:77) ~[na:na]
	at java.base/jdk.internal.reflect.DelegatingConstructorAccessorImpl.newInstance(DelegatingConstructorAccessorImpl.java:45) ~[na:na]
	at java.base/java.lang.reflect.Constructor.newInstanceWithCaller(Constructor.java:500) ~[na:na]
	at java.base/java.lang.reflect.Constructor.newInstance(Constructor.java:481) ~[na:na]
	at org.springframework.beans.BeanUtils.instantiateClass(BeanUtils.java:196) ~[spring-beans-6.2.2.jar!/:6.2.2]
	... 74 common frames omitted

Thu Feb 20 09:31:22 PM KST 2025: Deploy script started
Thu Feb 20 09:31:28 PM KST 2025: Started new process with PID: 137854
Thu Feb 20 09:31:58 PM KST 2025: Server failed to start within 30 seconds
Caused by: java.lang.IllegalStateException: JWT_SECRET 환경 변수가 설정되지 않았습니다.
	at core.backend.jwt.JwtUtil.<init>(JwtUtil.java:28) ~[!/:0.0.1-SNAPSHOT]
	at java.base/jdk.internal.reflect.NativeConstructorAccessorImpl.newInstance0(Native Method) ~[na:na]
	at java.base/jdk.internal.reflect.NativeConstructorAccessorImpl.newInstance(NativeConstructorAccessorImpl.java:77) ~[na:na]
	at java.base/jdk.internal.reflect.DelegatingConstructorAccessorImpl.newInstance(DelegatingConstructorAccessorImpl.java:45) ~[na:na]
	at java.base/java.lang.reflect.Constructor.newInstanceWithCaller(Constructor.java:500) ~[na:na]
	at java.base/java.lang.reflect.Constructor.newInstance(Constructor.java:481) ~[na:na]
	at org.springframework.beans.BeanUtils.instantiateClass(BeanUtils.java:196) ~[spring-beans-6.2.2.jar!/:6.2.2]
	... 74 common frames omitted

Thu Feb 20 09:50:58 PM KST 2025: Deploy script started
Thu Feb 20 09:51:04 PM KST 2025: Started new process with PID: 141605
Thu Feb 20 09:51:12 PM KST 2025: Server successfully deployed!
Fri Feb 21 02:10:31 AM KST 2025: Deploy script started
Fri Feb 21 02:10:46 AM KST 2025: Stopping process: 141605
Fri Feb 21 02:10:51 AM KST 2025: Started new process with PID: 145422
Fri Feb 21 02:10:59 AM KST 2025: Server successfully deployed!
Fri Feb 21 01:42:17 PM KST 2025: Deploy script started
Fri Feb 21 01:42:33 PM KST 2025: Stopping process: 145422
Fri Feb 21 01:42:38 PM KST 2025: Started new process with PID: 151228
Fri Feb 21 01:42:46 PM KST 2025: Server successfully deployed!
Fri Feb 21 01:44:10 PM KST 2025: Deploy script started
Fri Feb 21 01:44:18 PM KST 2025: Stopping process: 151228
Fri Feb 21 01:44:23 PM KST 2025: Started new process with PID: 151552
Fri Feb 21 01:44:53 PM KST 2025: Server failed to start within 30 seconds
***************************

Description:

Config data resource 'class path resource [application.properties]' via location 'classpath:/application.properties' does not exist

Action:

Check that the value 'classpath:/application.properties' is correct, or prefix it with 'optional:'

Fri Feb 21 01:50:21 PM KST 2025: Deploy script started
Fri Feb 21 01:50:27 PM KST 2025: Started new process with PID: 152590
Fri Feb 21 01:50:35 PM KST 2025: Server successfully deployed!
Fri Feb 21 01:58:41 PM KST 2025: Stopping process: 152590
Fri Feb 21 03:28:18 PM KST 2025: Deploy script started
Fri Feb 21 03:28:24 PM KST 2025: Stopping process: 154457
Fri Feb 21 03:28:29 PM KST 2025: Started new process with PID: 156150
Fri Feb 21 03:28:59 PM KST 2025: Server failed to start within 30 seconds
	at java.base/sun.nio.ch.ServerSocketChannelImpl.netBind(ServerSocketChannelImpl.java:337) ~[na:na]
	at java.base/sun.nio.ch.ServerSocketChannelImpl.bind(ServerSocketChannelImpl.java:294) ~[na:na]
	at org.apache.tomcat.util.net.NioEndpoint.initServerSocket(NioEndpoint.java:239) ~[tomcat-embed-core-10.1.34.jar!/:na]
	at org.apache.tomcat.util.net.NioEndpoint.bind(NioEndpoint.java:194) ~[tomcat-embed-core-10.1.34.jar!/:na]
	at org.apache.tomcat.util.net.AbstractEndpoint.bindWithCleanup(AbstractEndpoint.java:1304) ~[tomcat-embed-core-10.1.34.jar!/:na]
	at org.apache.tomcat.util.net.AbstractEndpoint.start(AbstractEndpoint.java:1390) ~[tomcat-embed-core-10.1.34.jar!/:na]
	at org.apache.coyote.AbstractProtocol.start(AbstractProtocol.java:644) ~[tomcat-embed-core-10.1.34.jar!/:na]
	at org.apache.catalina.connector.Connector.startInternal(Connector.java:1058) ~[tomcat-embed-core-10.1.34.jar!/:na]
	... 26 common frames omitted

Fri Feb 21 03:30:28 PM KST 2025: Deploy script started
Fri Feb 21 03:30:34 PM KST 2025: Started new process with PID: 156733
Fri Feb 21 03:30:42 PM KST 2025: Server successfully deployed!
Fri Feb 21 03:42:05 PM KST 2025: Deploy script started
Fri Feb 21 03:42:11 PM KST 2025: Stopping process: 156733
Fri Feb 21 03:42:16 PM KST 2025: Started new process with PID: 157124
Fri Feb 21 03:42:24 PM KST 2025: Server successfully deployed!
Fri Feb 21 03:44:19 PM KST 2025: Deploy script started
Fri Feb 21 03:44:24 PM KST 2025: Stopping process: 157124
Fri Feb 21 03:44:29 PM KST 2025: Started new process with PID: 157347
Fri Feb 21 03:44:37 PM KST 2025: Server successfully deployed!
Sat Feb 22 10:47:50 AM KST 2025: Deploy script started
Sat Feb 22 10:48:06 AM KST 2025: Stopping process: 157347
Sat Feb 22 10:48:11 AM KST 2025: Started new process with PID: 168765
Sat Feb 22 10:48:19 AM KST 2025: Server successfully deployed!
Sat Feb 22 01:33:58 PM KST 2025: Deploy script started
Sat Feb 22 01:34:05 PM KST 2025: Stopping process: 168765
Sat Feb 22 01:34:10 PM KST 2025: Started new process with PID: 171046
Sat Feb 22 01:34:18 PM KST 2025: Server successfully deployed!
Sat Feb 22 01:38:00 PM KST 2025: Deploy script started
Sat Feb 22 01:38:07 PM KST 2025: Stopping process: 171046
Sat Feb 22 01:38:12 PM KST 2025: Started new process with PID: 171340
Sat Feb 22 01:38:20 PM KST 2025: Server successfully deployed!
Sat Feb 22 02:39:36 PM KST 2025: Deploy script started
Sat Feb 22 02:39:43 PM KST 2025: Stopping process: 171340
Sat Feb 22 02:39:48 PM KST 2025: Started new process with PID: 171854
Sat Feb 22 02:39:56 PM KST 2025: Server successfully deployed!
